Copyright 1986-2018 Xilinx, Inc. All Rights Reserved.
--------------------------------------------------------------------------------------------------------------------------------------------------------------------------
| Tool Version : Vivado v.2018.1 (win64) Build 2188600 Wed Apr  4 18:40:38 MDT 2018
| Date         : Mon May 24 10:38:07 2021
| Host         : DESKTOP-3I9PKPE running 64-bit major release  (build 9200)
| Command      : report_methodology -file XOR2ENTRADAS_methodology_drc_routed.rpt -pb XOR2ENTRADAS_methodology_drc_routed.pb -rpx XOR2ENTRADAS_methodology_drc_routed.rpx
| Design       : XOR2ENTRADAS
| Device       : xc7a35tcpg236-1
| Speed File   : -1
| Design State : Routed
--------------------------------------------------------------------------------------------------------------------------------------------------------------------------

Report Methodology

Table of Contents
-----------------
1. REPORT SUMMARY
2. REPORT DETAILS

1. REPORT SUMMARY
-----------------
            Netlist: netlist
          Floorplan: checkpoint_XOR2ENTRADAS
      Design limits: <entire design considered>
             Max violations: <unlimited>
             Violations found: 0
+------+----------+-------------+------------+
| Rule | Severity | Description | Violations |
+------+----------+-------------+------------+
+------+----------+-------------+------------+

2. REPORT DETAILS
-----------------

